<?xml version="1.0" encoding="UTF-8"?>
<!-- Generated by org.testng.reporters.JUnitXMLReporter -->
<testsuite ignored="0" hostname="DESKTOP-DVUMH6U" failures="1" tests="9" name="Test" time="0.025" errors="0" timestamp="21 May 2023 20:09:11 GMT">
  <testcase classname="selenium.Testing1" name="abc" time="0.0"/>
  <testcase classname="selenium.Testing1" name="abc" time="0.0"/>
  <testcase classname="selenium.Testing1" name="test1" time="0.0"/>
  <testcase classname="selenium.Testing1" name="test2" time="0.0"/>
  <testcase classname="selenium.Testing2" name="test3" time="0.0"/>
  <testcase classname="selenium.Testing2" name="test4" time="0.0"/>
  <testcase classname="selenium.Testing3" name="createuser" time="0.001">
    <failure type="java.lang.AssertionError" message="Verifying element expected [true] but found [false]">
      <![CDATA[java.lang.AssertionError: Verifying element expected [true] but found [false]
at selenium.Testing3.createuser(Testing3.java:15)
... Removed 27 stack frames]]>
    </failure>
  </testcase> <!-- createuser -->
  <testcase classname="selenium.Testing3" name="edituser" time="0.0">
    <skipped/>
  </testcase> <!-- edituser -->
  <testcase classname="selenium.Testing3" name="deleteuser" time="0.0">
    <skipped/>
  </testcase> <!-- deleteuser -->
</testsuite> <!-- Test -->
